<?xml version="1.0" encoding="UTF-8"?>
<!-- Generated by org.testng.reporters.JUnitReportReporter -->
<testsuite hostname="cdc2-l-433dqcf" failures="1" tests="2" name="CucumberOptions.TestNGTestRunner" time="32.611" errors="0" timestamp="2024-11-11T21:19:23 IST" skipped="0">
  <testcase classname="CucumberOptions.TestNGTestRunner" name="runScenario" time="14.045">
    <failure message="expected [GreenKart - veg and fruits kart] but found []" type="java.lang.AssertionError">
      <![CDATA[java.lang.AssertionError: expected [GreenKart - veg and fruits kart] but found []
at org.testng.Assert.fail(Assert.java:111)
at org.testng.Assert.failNotEquals(Assert.java:1578)
at org.testng.Assert.assertEqualsImpl(Assert.java:150)
at org.testng.Assert.assertEquals(Assert.java:132)
at org.testng.Assert.assertEquals(Assert.java:656)
at org.testng.Assert.assertEquals(Assert.java:666)
at StepDefinitions.HomePageStepDefinition.user_is_on_green_cart_home_page(HomePageStepDefinition.java:26)
at âœ½.User is on GreenCart home page(file:///C:/Users/sibin.valluparambath/git/CucumberFramework/src/test/java/Features/SearchProducts.feature:5)
]]>
    </failure>
  </testcase> <!-- runScenario -->
  <testcase classname="CucumberOptions.TestNGTestRunner" name="runScenario" time="18.566"/>
</testsuite> <!-- CucumberOptions.TestNGTestRunner -->
