<?xml version="1.0" encoding="UTF-8"?>
<!-- Generated by org.testng.reporters.JUnitReportReporter -->
<testsuite hostname="cdc2-l-433dqcf" failures="0" tests="1" name="CucumberOptions.TestNGTestRunner" time="16.832" errors="0" timestamp="2024-11-15T01:03:50 IST" skipped="0">
  <testcase classname="CucumberOptions.TestNGTestRunner" name="runScenario" time="16.832"/>
</testsuite> <!-- CucumberOptions.TestNGTestRunner -->
