<?xml version="1.0" encoding="UTF-8"?>
<!-- Generated by org.testng.reporters.JUnitReportReporter -->
<testsuite hostname="cdc2-l-433dqcf" failures="0" tests="1" name="CucumberOptions.TestNGTestRunner" time="21.319" errors="0" timestamp="2024-11-15T22:06:11 IST" skipped="0">
  <testcase classname="CucumberOptions.TestNGTestRunner" name="runScenario" time="21.319"/>
</testsuite> <!-- CucumberOptions.TestNGTestRunner -->
